<?xml version="1.0" encoding="UTF-8"?>
<testng-results ignored="0" total="3" passed="3" failed="0" skipped="0">
  <reporter-output>
  </reporter-output>
  <suite started-at="2024-08-05T20:19:03 CDT" name="All Test Suite" finished-at="2024-08-05T20:19:08 CDT" duration-ms="5190">
    <groups>
    </groups>
    <test started-at="2024-08-05T20:19:03 CDT" name="C:/Dev/automationDemo" finished-at="2024-08-05T20:19:08 CDT" duration-ms="5190">
      <class name="com.automation.testng.TestClass1">
        <test-method is-config="true" signature="launchDriver()[pri:0, instance:com.automation.testng.TestClass1@5e82df6a]" started-at="2024-08-05T20:19:03 CDT" name="launchDriver" finished-at="2024-08-05T20:19:05 CDT" duration-ms="2474" status="PASS">
          <reporter-output>
          </reporter-output>
        </test-method> <!-- launchDriver -->
        <test-method signature="Test1()[pri:0, instance:com.automation.testng.TestClass1@5e82df6a]" started-at="2024-08-05T20:19:05 CDT" name="Test1" finished-at="2024-08-05T20:19:07 CDT" duration-ms="1799" status="PASS">
          <reporter-output>
          </reporter-output>
        </test-method> <!-- Test1 -->
        <test-method signature="Test2()[pri:0, instance:com.automation.testng.TestClass1@5e82df6a]" started-at="2024-08-05T20:19:07 CDT" name="Test2" finished-at="2024-08-05T20:19:07 CDT" duration-ms="368" status="PASS">
          <reporter-output>
          </reporter-output>
        </test-method> <!-- Test2 -->
        <test-method signature="Test3()[pri:0, instance:com.automation.testng.TestClass1@5e82df6a]" started-at="2024-08-05T20:19:07 CDT" name="Test3" finished-at="2024-08-05T20:19:08 CDT" duration-ms="361" status="PASS">
          <reporter-output>
          </reporter-output>
        </test-method> <!-- Test3 -->
        <test-method is-config="true" signature="closeBrowser()[pri:0, instance:com.automation.testng.TestClass1@5e82df6a]" started-at="2024-08-05T20:19:08 CDT" name="closeBrowser" finished-at="2024-08-05T20:19:08 CDT" duration-ms="158" status="PASS">
          <reporter-output>
          </reporter-output>
        </test-method> <!-- closeBrowser -->
      </class> <!-- com.automation.testng.TestClass1 -->
    </test> <!-- C:/Dev/automationDemo -->
  </suite> <!-- All Test Suite -->
</testng-results>
